c.c.s.h.SpringbootHelloApplication - Starting SpringbootHelloApplication using Java 1.8.0_321 on sunkaidembp with PID 16605 (/Users/sunkai/IdeaProjects/springboot-all/springboot-hello/target/classes started by sunkai in /Users/sunkai/IdeaProjects/springboot-all)
c.c.s.h.SpringbootHelloApplication - The following profiles are active: dev
o.s.b.d.e.DevToolsPropertyDefaultsPostProcessor - Devtools property defaults active! Set 'spring.devtools.add-properties' to 'false' to disable
o.s.b.d.e.DevToolsPropertyDefaultsPostProcessor - For additional web related logging consider setting the 'logging.level.web' property to 'DEBUG'
o.s.b.w.e.tomcat.TomcatWebServer - Tomcat initialized with port(s): 3233 (http)
o.a.coyote.http11.Http11NioProtocol - Initializing ProtocolHandler ["http-nio-3233"]
o.a.catalina.core.StandardService - Starting service [Tomcat]
o.a.catalina.core.StandardEngine - Starting Servlet engine: [Apache Tomcat/9.0.41]
o.a.c.c.C.[Tomcat].[localhost].[/] - Initializing Spring embedded WebApplicationContext
o.s.b.w.s.c.ServletWebServerApplicationContext - Root WebApplicationContext: initialization completed in 953 ms
o.s.s.c.ThreadPoolTaskExecutor - Initializing ExecutorService 'applicationTaskExecutor'
o.s.s.c.ThreadPoolTaskScheduler - Initializing ExecutorService 'taskScheduler'
o.s.b.d.a.OptionalLiveReloadServer - LiveReload server is running on port 35729
o.a.coyote.http11.Http11NioProtocol - Starting ProtocolHandler ["http-nio-3233"]
o.s.b.w.e.tomcat.TomcatWebServer - Tomcat started on port(s): 3233 (http) with context path ''
c.c.s.h.SpringbootHelloApplication - Started SpringbootHelloApplication in 1.724 seconds (JVM running for 2.338)
o.s.s.c.ThreadPoolTaskScheduler - Shutting down ExecutorService 'taskScheduler'
o.s.s.c.ThreadPoolTaskExecutor - Shutting down ExecutorService 'applicationTaskExecutor'
c.c.s.h.SpringbootHelloApplication - Starting SpringbootHelloApplication using Java 1.8.0_321 on sunkaidembp with PID 17099 (/Users/sunkai/IdeaProjects/springboot-all/springboot-hello/target/classes started by sunkai in /Users/sunkai/IdeaProjects/springboot-all)
c.c.s.h.SpringbootHelloApplication - The following profiles are active: dev
o.s.b.d.e.DevToolsPropertyDefaultsPostProcessor - Devtools property defaults active! Set 'spring.devtools.add-properties' to 'false' to disable
o.s.b.d.e.DevToolsPropertyDefaultsPostProcessor - For additional web related logging consider setting the 'logging.level.web' property to 'DEBUG'
o.s.b.w.e.tomcat.TomcatWebServer - Tomcat initialized with port(s): 3233 (http)
o.a.coyote.http11.Http11NioProtocol - Initializing ProtocolHandler ["http-nio-3233"]
o.a.catalina.core.StandardService - Starting service [Tomcat]
o.a.catalina.core.StandardEngine - Starting Servlet engine: [Apache Tomcat/9.0.41]
o.a.c.c.C.[Tomcat].[localhost].[/] - Initializing Spring embedded WebApplicationContext
o.s.b.w.s.c.ServletWebServerApplicationContext - Root WebApplicationContext: initialization completed in 919 ms
o.s.s.c.ThreadPoolTaskExecutor - Initializing ExecutorService 'applicationTaskExecutor'
o.s.s.c.ThreadPoolTaskScheduler - Initializing ExecutorService 'taskScheduler'
o.s.b.d.a.OptionalLiveReloadServer - LiveReload server is running on port 35729
o.a.coyote.http11.Http11NioProtocol - Starting ProtocolHandler ["http-nio-3233"]
o.s.b.w.e.tomcat.TomcatWebServer - Tomcat started on port(s): 3233 (http) with context path ''
c.c.s.h.SpringbootHelloApplication - Started SpringbootHelloApplication in 1.736 seconds (JVM running for 2.304)
o.a.c.c.C.[Tomcat].[localhost].[/] - Initializing Spring DispatcherServlet 'dispatcherServlet'
o.s.web.servlet.DispatcherServlet - Initializing Servlet 'dispatcherServlet'
o.s.web.servlet.DispatcherServlet - Completed initialization in 1 ms
o.a.c.c.C.[.[.[.[dispatcherServlet] - Servlet.service() for servlet [dispatcherServlet] in context with path [] threw exception [Request processing failed; nested exception is java.lang.NullPointerException] with root cause
java.lang.NullPointerException: null
	at cn.com.sk.hello.lishener.EventLishenerController.getEventLishener(EventLishenerController.java:16)
	at sun.reflect.NativeMethodAccessorImpl.invoke0(Native Method)
	at sun.reflect.NativeMethodAccessorImpl.invoke(NativeMethodAccessorImpl.java:62)
	at sun.reflect.DelegatingMethodAccessorImpl.invoke(DelegatingMethodAccessorImpl.java:43)
	at java.lang.reflect.Method.invoke(Method.java:498)
	at org.springframework.web.method.support.InvocableHandlerMethod.doInvoke(InvocableHandlerMethod.java:197)
	at org.springframework.web.method.support.InvocableHandlerMethod.invokeForRequest(InvocableHandlerMethod.java:141)
	at org.springframework.web.servlet.mvc.method.annotation.ServletInvocableHandlerMethod.invokeAndHandle(ServletInvocableHandlerMethod.java:106)
	at org.springframework.web.servlet.mvc.method.annotation.RequestMappingHandlerAdapter.invokeHandlerMethod(RequestMappingHandlerAdapter.java:894)
	at org.springframework.web.servlet.mvc.method.annotation.RequestMappingHandlerAdapter.handleInternal(RequestMappingHandlerAdapter.java:808)
	at org.springframework.web.servlet.mvc.method.AbstractHandlerMethodAdapter.handle(AbstractHandlerMethodAdapter.java:87)
	at org.springframework.web.servlet.DispatcherServlet.doDispatch(DispatcherServlet.java:1061)
	at org.springframework.web.servlet.DispatcherServlet.doService(DispatcherServlet.java:961)
	at org.springframework.web.servlet.FrameworkServlet.processRequest(FrameworkServlet.java:1006)
	at org.springframework.web.servlet.FrameworkServlet.doGet(FrameworkServlet.java:898)
	at javax.servlet.http.HttpServlet.service(HttpServlet.java:626)
	at org.springframework.web.servlet.FrameworkServlet.service(FrameworkServlet.java:883)
	at javax.servlet.http.HttpServlet.service(HttpServlet.java:733)
	at org.apache.catalina.core.ApplicationFilterChain.internalDoFilter(ApplicationFilterChain.java:231)
	at org.apache.catalina.core.ApplicationFilterChain.doFilter(ApplicationFilterChain.java:166)
	at org.apache.tomcat.websocket.server.WsFilter.doFilter(WsFilter.java:53)
	at org.apache.catalina.core.ApplicationFilterChain.internalDoFilter(ApplicationFilterChain.java:193)
	at org.apache.catalina.core.ApplicationFilterChain.doFilter(ApplicationFilterChain.java:166)
	at org.springframework.web.filter.RequestContextFilter.doFilterInternal(RequestContextFilter.java:100)
	at org.springframework.web.filter.OncePerRequestFilter.doFilter(OncePerRequestFilter.java:119)
	at org.apache.catalina.core.ApplicationFilterChain.internalDoFilter(ApplicationFilterChain.java:193)
	at org.apache.catalina.core.ApplicationFilterChain.doFilter(ApplicationFilterChain.java:166)
	at org.springframework.web.filter.FormContentFilter.doFilterInternal(FormContentFilter.java:93)
	at org.springframework.web.filter.OncePerRequestFilter.doFilter(OncePerRequestFilter.java:119)
	at org.apache.catalina.core.ApplicationFilterChain.internalDoFilter(ApplicationFilterChain.java:193)
	at org.apache.catalina.core.ApplicationFilterChain.doFilter(ApplicationFilterChain.java:166)
	at org.springframework.web.filter.CharacterEncodingFilter.doFilterInternal(CharacterEncodingFilter.java:201)
	at org.springframework.web.filter.OncePerRequestFilter.doFilter(OncePerRequestFilter.java:119)
	at org.apache.catalina.core.ApplicationFilterChain.internalDoFilter(ApplicationFilterChain.java:193)
	at org.apache.catalina.core.ApplicationFilterChain.doFilter(ApplicationFilterChain.java:166)
	at org.apache.catalina.core.StandardWrapperValve.invoke(StandardWrapperValve.java:202)
	at org.apache.catalina.core.StandardContextValve.invoke(StandardContextValve.java:97)
	at org.apache.catalina.authenticator.AuthenticatorBase.invoke(AuthenticatorBase.java:542)
	at org.apache.catalina.core.StandardHostValve.invoke(StandardHostValve.java:143)
	at org.apache.catalina.valves.ErrorReportValve.invoke(ErrorReportValve.java:92)
	at org.apache.catalina.core.StandardEngineValve.invoke(StandardEngineValve.java:78)
	at org.apache.catalina.connector.CoyoteAdapter.service(CoyoteAdapter.java:343)
	at org.apache.coyote.http11.Http11Processor.service(Http11Processor.java:374)
	at org.apache.coyote.AbstractProcessorLight.process(AbstractProcessorLight.java:65)
	at org.apache.coyote.AbstractProtocol$ConnectionHandler.process(AbstractProtocol.java:888)
	at org.apache.tomcat.util.net.NioEndpoint$SocketProcessor.doRun(NioEndpoint.java:1597)
	at org.apache.tomcat.util.net.SocketProcessorBase.run(SocketProcessorBase.java:49)
	at java.util.concurrent.ThreadPoolExecutor.runWorker(ThreadPoolExecutor.java:1149)
	at java.util.concurrent.ThreadPoolExecutor$Worker.run(ThreadPoolExecutor.java:624)
	at org.apache.tomcat.util.threads.TaskThread$WrappingRunnable.run(TaskThread.java:61)
	at java.lang.Thread.run(Thread.java:750)
o.s.s.c.ThreadPoolTaskScheduler - Shutting down ExecutorService 'taskScheduler'
o.s.s.c.ThreadPoolTaskExecutor - Shutting down ExecutorService 'applicationTaskExecutor'
c.c.s.h.SpringbootHelloApplication - Starting SpringbootHelloApplication using Java 1.8.0_321 on sunkaidembp with PID 17579 (/Users/sunkai/IdeaProjects/springboot-all/springboot-hello/target/classes started by sunkai in /Users/sunkai/IdeaProjects/springboot-all)
c.c.s.h.SpringbootHelloApplication - The following profiles are active: dev
o.s.b.d.e.DevToolsPropertyDefaultsPostProcessor - Devtools property defaults active! Set 'spring.devtools.add-properties' to 'false' to disable
o.s.b.d.e.DevToolsPropertyDefaultsPostProcessor - For additional web related logging consider setting the 'logging.level.web' property to 'DEBUG'
o.s.b.w.e.tomcat.TomcatWebServer - Tomcat initialized with port(s): 3233 (http)
o.a.coyote.http11.Http11NioProtocol - Initializing ProtocolHandler ["http-nio-3233"]
o.a.catalina.core.StandardService - Starting service [Tomcat]
o.a.catalina.core.StandardEngine - Starting Servlet engine: [Apache Tomcat/9.0.41]
o.a.c.c.C.[Tomcat].[localhost].[/] - Initializing Spring embedded WebApplicationContext
o.s.b.w.s.c.ServletWebServerApplicationContext - Root WebApplicationContext: initialization completed in 858 ms
o.s.s.c.ThreadPoolTaskExecutor - Initializing ExecutorService 'applicationTaskExecutor'
o.s.s.c.ThreadPoolTaskScheduler - Initializing ExecutorService 'taskScheduler'
o.s.b.d.a.OptionalLiveReloadServer - LiveReload server is running on port 35729
o.a.coyote.http11.Http11NioProtocol - Starting ProtocolHandler ["http-nio-3233"]
o.s.b.w.e.tomcat.TomcatWebServer - Tomcat started on port(s): 3233 (http) with context path ''
c.c.s.h.SpringbootHelloApplication - Started SpringbootHelloApplication in 1.52 seconds (JVM running for 2.079)
o.a.c.c.C.[Tomcat].[localhost].[/] - Initializing Spring DispatcherServlet 'dispatcherServlet'
o.s.web.servlet.DispatcherServlet - Initializing Servlet 'dispatcherServlet'
o.s.web.servlet.DispatcherServlet - Completed initialization in 0 ms
o.s.s.c.ThreadPoolTaskScheduler - Shutting down ExecutorService 'taskScheduler'
o.s.s.c.ThreadPoolTaskExecutor - Shutting down ExecutorService 'applicationTaskExecutor'
c.c.s.h.SpringbootHelloApplication - Starting SpringbootHelloApplication using Java 1.8.0_321 on sunkaidembp with PID 17777 (/Users/sunkai/IdeaProjects/springboot-all/springboot-hello/target/classes started by sunkai in /Users/sunkai/IdeaProjects/springboot-all)
c.c.s.h.SpringbootHelloApplication - The following profiles are active: dev
o.s.b.d.e.DevToolsPropertyDefaultsPostProcessor - Devtools property defaults active! Set 'spring.devtools.add-properties' to 'false' to disable
o.s.b.d.e.DevToolsPropertyDefaultsPostProcessor - For additional web related logging consider setting the 'logging.level.web' property to 'DEBUG'
o.s.b.w.e.tomcat.TomcatWebServer - Tomcat initialized with port(s): 3233 (http)
o.a.coyote.http11.Http11NioProtocol - Initializing ProtocolHandler ["http-nio-3233"]
o.a.catalina.core.StandardService - Starting service [Tomcat]
o.a.catalina.core.StandardEngine - Starting Servlet engine: [Apache Tomcat/9.0.41]
o.a.c.c.C.[Tomcat].[localhost].[/] - Initializing Spring embedded WebApplicationContext
o.s.b.w.s.c.ServletWebServerApplicationContext - Root WebApplicationContext: initialization completed in 761 ms
o.s.s.c.ThreadPoolTaskExecutor - Initializing ExecutorService 'applicationTaskExecutor'
o.s.s.c.ThreadPoolTaskScheduler - Initializing ExecutorService 'taskScheduler'
o.s.b.d.a.OptionalLiveReloadServer - LiveReload server is running on port 35729
o.a.coyote.http11.Http11NioProtocol - Starting ProtocolHandler ["http-nio-3233"]
o.s.b.w.e.tomcat.TomcatWebServer - Tomcat started on port(s): 3233 (http) with context path ''
c.c.s.h.SpringbootHelloApplication - Started SpringbootHelloApplication in 1.485 seconds (JVM running for 2.027)
o.a.c.c.C.[Tomcat].[localhost].[/] - Initializing Spring DispatcherServlet 'dispatcherServlet'
o.s.web.servlet.DispatcherServlet - Initializing Servlet 'dispatcherServlet'
o.s.web.servlet.DispatcherServlet - Completed initialization in 1 ms
o.s.s.c.ThreadPoolTaskScheduler - Shutting down ExecutorService 'taskScheduler'
o.s.s.c.ThreadPoolTaskExecutor - Shutting down ExecutorService 'applicationTaskExecutor'
c.c.s.h.SpringbootHelloApplication - Starting SpringbootHelloApplication using Java 1.8.0_321 on sunkaidembp with PID 19836 (/Users/sunkai/IdeaProjects/springboot-all/springboot-hello/target/classes started by sunkai in /Users/sunkai/IdeaProjects/springboot-all)
c.c.s.h.SpringbootHelloApplication - The following profiles are active: dev
o.s.b.d.e.DevToolsPropertyDefaultsPostProcessor - Devtools property defaults active! Set 'spring.devtools.add-properties' to 'false' to disable
o.s.b.d.e.DevToolsPropertyDefaultsPostProcessor - For additional web related logging consider setting the 'logging.level.web' property to 'DEBUG'
o.s.b.w.e.tomcat.TomcatWebServer - Tomcat initialized with port(s): 3233 (http)
o.a.coyote.http11.Http11NioProtocol - Initializing ProtocolHandler ["http-nio-3233"]
o.a.catalina.core.StandardService - Starting service [Tomcat]
o.a.catalina.core.StandardEngine - Starting Servlet engine: [Apache Tomcat/9.0.41]
o.a.c.c.C.[Tomcat].[localhost].[/] - Initializing Spring embedded WebApplicationContext
o.s.b.w.s.c.ServletWebServerApplicationContext - Root WebApplicationContext: initialization completed in 838 ms
o.s.s.c.ThreadPoolTaskExecutor - Initializing ExecutorService 'applicationTaskExecutor'
o.s.s.c.ThreadPoolTaskScheduler - Initializing ExecutorService 'taskScheduler'
o.s.b.d.a.OptionalLiveReloadServer - LiveReload server is running on port 35729
o.a.coyote.http11.Http11NioProtocol - Starting ProtocolHandler ["http-nio-3233"]
o.s.b.w.e.tomcat.TomcatWebServer - Tomcat started on port(s): 3233 (http) with context path ''
c.c.s.h.SpringbootHelloApplication - Started SpringbootHelloApplication in 1.488 seconds (JVM running for 2.042)
o.a.c.c.C.[Tomcat].[localhost].[/] - Initializing Spring DispatcherServlet 'dispatcherServlet'
o.s.web.servlet.DispatcherServlet - Initializing Servlet 'dispatcherServlet'
o.s.web.servlet.DispatcherServlet - Completed initialization in 1 ms
o.s.s.c.ThreadPoolTaskScheduler - Shutting down ExecutorService 'taskScheduler'
o.s.s.c.ThreadPoolTaskExecutor - Shutting down ExecutorService 'applicationTaskExecutor'
c.c.s.h.SpringbootHelloApplication - Starting SpringbootHelloApplication using Java 1.8.0_321 on sunkaidembp with PID 20948 (/Users/sunkai/IdeaProjects/springboot-all/springboot-hello/target/classes started by sunkai in /Users/sunkai/IdeaProjects/springboot-all)
c.c.s.h.SpringbootHelloApplication - The following profiles are active: dev
o.s.b.d.e.DevToolsPropertyDefaultsPostProcessor - Devtools property defaults active! Set 'spring.devtools.add-properties' to 'false' to disable
o.s.b.d.e.DevToolsPropertyDefaultsPostProcessor - For additional web related logging consider setting the 'logging.level.web' property to 'DEBUG'
o.s.b.w.e.tomcat.TomcatWebServer - Tomcat initialized with port(s): 3233 (http)
o.a.coyote.http11.Http11NioProtocol - Initializing ProtocolHandler ["http-nio-3233"]
o.a.catalina.core.StandardService - Starting service [Tomcat]
o.a.catalina.core.StandardEngine - Starting Servlet engine: [Apache Tomcat/9.0.41]
o.a.c.c.C.[Tomcat].[localhost].[/] - Initializing Spring embedded WebApplicationContext
o.s.b.w.s.c.ServletWebServerApplicationContext - Root WebApplicationContext: initialization completed in 864 ms
o.s.s.c.ThreadPoolTaskExecutor - Initializing ExecutorService 'applicationTaskExecutor'
o.s.s.c.ThreadPoolTaskScheduler - Initializing ExecutorService 'taskScheduler'
o.s.b.d.a.OptionalLiveReloadServer - LiveReload server is running on port 35729
o.a.coyote.http11.Http11NioProtocol - Starting ProtocolHandler ["http-nio-3233"]
o.s.b.w.e.tomcat.TomcatWebServer - Tomcat started on port(s): 3233 (http) with context path ''
c.c.s.h.SpringbootHelloApplication - Started SpringbootHelloApplication in 1.527 seconds (JVM running for 2.069)
o.a.c.c.C.[Tomcat].[localhost].[/] - Initializing Spring DispatcherServlet 'dispatcherServlet'
o.s.web.servlet.DispatcherServlet - Initializing Servlet 'dispatcherServlet'
o.s.web.servlet.DispatcherServlet - Completed initialization in 0 ms
o.s.s.c.ThreadPoolTaskScheduler - Shutting down ExecutorService 'taskScheduler'
o.s.s.c.ThreadPoolTaskExecutor - Shutting down ExecutorService 'applicationTaskExecutor'
